In file included from [01m[K/opt/ros/noetic/include/ros/ros.h:40[m[K,
                 from [01m[K/home/drojas/lawrence_wire/src/interbotix_ros_core/interbotix_ros_xseries/interbotix_xs_sdk/include/interbotix_xs_sdk/xs_sdk_obj.h:4[m[K,
                 from [01m[K/home/drojas/lawrence_wire/src/interbotix_ros_core/interbotix_ros_xseries/interbotix_xs_sdk/src/xs_sdk_obj.cpp:1[m[K:
[01m[K/home/drojas/lawrence_wire/src/interbotix_ros_core/interbotix_ros_xseries/interbotix_xs_sdk/src/xs_sdk_obj.cpp:[m[K In member function ‘[01m[Kbool InterbotixRobotXS::robot_get_motor_configs()[m[K’:
[01m[K/opt/ros/noetic/include/ros/console.h:351:176:[m[K [01;35m[Kwarning: [m[Kformat not a string literal and no format arguments [[01;35m[K-Wformat-security[m[K]
  351 |     ::ros::console::print(filter, __rosconsole_define_location__loc.logger_, __rosconsole_define_location__loc.level_, __FILE__, __LINE__, __ROSCONSOLE_FUNCTION__, __VA_ARGS__[01;35m[K)[m[K
      |                                                                                                                                                                                [01;35m[K^[m[K
[01m[K/opt/ros/noetic/include/ros/console.h:354:5:[m[K [01;36m[Knote: [m[Kin expansion of macro ‘[01m[KROSCONSOLE_PRINT_AT_LOCATION_WITH_FILTER[m[K’
  354 |     [01;36m[KROSCONSOLE_PRINT_AT_LOCATION_WITH_FILTER[m[K(NULL, __VA_ARGS__)
      |     [01;36m[K^~~~~~~~~~~~~~~~~~~~~~~~~~~~~~~~~~~~~~~~[m[K
[01m[K/opt/ros/noetic/include/ros/console.h:390:7:[m[K [01;36m[Knote: [m[Kin expansion of macro ‘[01m[KROSCONSOLE_PRINT_AT_LOCATION[m[K’
  390 |       [01;36m[KROSCONSOLE_PRINT_AT_LOCATION[m[K(__VA_ARGS__); \
      |       [01;36m[K^~~~~~~~~~~~~~~~~~~~~~~~~~~~[m[K
[01m[K/opt/ros/noetic/include/ros/console.h:575:35:[m[K [01;36m[Knote: [m[Kin expansion of macro ‘[01m[KROS_LOG_COND[m[K’
  575 | #define ROS_LOG(level, name, ...) [01;36m[KROS_LOG_COND[m[K(true, level, name, __VA_ARGS__)
      |                                   [01;36m[K^~~~~~~~~~~~[m[K
[01m[K/opt/ros/noetic/include/rosconsole/macros_generated.h:110:23:[m[K [01;36m[Knote: [m[Kin expansion of macro ‘[01m[KROS_LOG[m[K’
  110 | #define ROS_INFO(...) [01;36m[KROS_LOG[m[K(::ros::console::levels::Info, ROSCONSOLE_DEFAULT_NAME, __VA_ARGS__)
      |                       [01;36m[K^~~~~~~[m[K
[01m[K/home/drojas/lawrence_wire/src/interbotix_ros_core/interbotix_ros_xseries/interbotix_xs_sdk/src/xs_sdk_obj.cpp:476:3:[m[K [01;36m[Knote: [m[Kin expansion of macro ‘[01m[KROS_INFO[m[K’
  476 |   [01;36m[KROS_INFO[m[K(motor_configs_file.c_str());
      |   [01;36m[K^~~~~~~~[m[K
In file included from [01m[K/opt/ros/noetic/include/ros/ros.h:40[m[K,
                 from [01m[K/home/drojas/lawrence_wire/src/interbotix_ros_core/interbotix_ros_xseries/interbotix_xs_sdk/include/interbotix_xs_sdk/xs_sdk_obj.h:4[m[K,
                 from [01m[K/home/drojas/lawrence_wire/src/interbotix_ros_core/interbotix_ros_xseries/interbotix_xs_sdk/src/xs_sdk_obj.cpp:1[m[K:
[01m[K/home/drojas/lawrence_wire/src/interbotix_ros_core/interbotix_ros_xseries/interbotix_xs_sdk/src/xs_sdk_obj.cpp:[m[K In member function ‘[01m[Kbool InterbotixRobotXS::robot_get_motor_configs()[m[K’:
[01m[K/opt/ros/noetic/include/ros/console.h:351:176:[m[K [01;35m[Kwarning: [m[Kformat not a string literal and no format arguments [[01;35m[K-Wformat-security[m[K]
  351 |     ::ros::console::print(filter, __rosconsole_define_location__loc.logger_, __rosconsole_define_location__loc.level_, __FILE__, __LINE__, __ROSCONSOLE_FUNCTION__, __VA_ARGS__[01;35m[K)[m[K
      |                                                                                                                                                                                [01;35m[K^[m[K
[01m[K/opt/ros/noetic/include/ros/console.h:354:5:[m[K [01;36m[Knote: [m[Kin expansion of macro ‘[01m[KROSCONSOLE_PRINT_AT_LOCATION_WITH_FILTER[m[K’
  354 |     [01;36m[KROSCONSOLE_PRINT_AT_LOCATION_WITH_FILTER[m[K(NULL, __VA_ARGS__)
      |     [01;36m[K^~~~~~~~~~~~~~~~~~~~~~~~~~~~~~~~~~~~~~~~[m[K
[01m[K/opt/ros/noetic/include/ros/console.h:390:7:[m[K [01;36m[Knote: [m[Kin expansion of macro ‘[01m[KROSCONSOLE_PRINT_AT_LOCATION[m[K’
  390 |       [01;36m[KROSCONSOLE_PRINT_AT_LOCATION[m[K(__VA_ARGS__); \
      |       [01;36m[K^~~~~~~~~~~~~~~~~~~~~~~~~~~~[m[K
[01m[K/opt/ros/noetic/include/ros/console.h:575:35:[m[K [01;36m[Knote: [m[Kin expansion of macro ‘[01m[KROS_LOG_COND[m[K’
  575 | #define ROS_LOG(level, name, ...) [01;36m[KROS_LOG_COND[m[K(true, level, name, __VA_ARGS__)
      |                                   [01;36m[K^~~~~~~~~~~~[m[K
[01m[K/opt/ros/noetic/include/rosconsole/macros_generated.h:110:23:[m[K [01;36m[Knote: [m[Kin expansion of macro ‘[01m[KROS_LOG[m[K’
  110 | #define ROS_INFO(...) [01;36m[KROS_LOG[m[K(::ros::console::levels::Info, ROSCONSOLE_DEFAULT_NAME, __VA_ARGS__)
      |                       [01;36m[K^~~~~~~[m[K
[01m[K/home/drojas/lawrence_wire/src/interbotix_ros_core/interbotix_ros_xseries/interbotix_xs_sdk/src/xs_sdk_obj.cpp:476:3:[m[K [01;36m[Knote: [m[Kin expansion of macro ‘[01m[KROS_INFO[m[K’
  476 |   [01;36m[KROS_INFO[m[K(motor_configs_file.c_str());
      |   [01;36m[K^~~~~~~~[m[K
