Symlinking /home/drojas/lawrence_wire/devel/include/interbotix_xs_msgs/ArmJoy.h
Symlinking /home/drojas/lawrence_wire/devel/include/interbotix_xs_msgs/RebootResponse.h
Symlinking /home/drojas/lawrence_wire/devel/include/interbotix_xs_msgs/RobotInfoResponse.h
Symlinking /home/drojas/lawrence_wire/devel/include/interbotix_xs_msgs/RobotInfoRequest.h
Symlinking /home/drojas/lawrence_wire/devel/include/interbotix_xs_msgs/OperatingModes.h
Symlinking /home/drojas/lawrence_wire/devel/include/interbotix_xs_msgs/LocobotJoy.h
Symlinking /home/drojas/lawrence_wire/devel/include/interbotix_xs_msgs/JointTemps.h
Symlinking /home/drojas/lawrence_wire/devel/include/interbotix_xs_msgs/MotorGainsResponse.h
Symlinking /home/drojas/lawrence_wire/devel/include/interbotix_xs_msgs/RebootRequest.h
Symlinking /home/drojas/lawrence_wire/devel/include/interbotix_xs_msgs/RobotInfo.h
Symlinking /home/drojas/lawrence_wire/devel/include/interbotix_xs_msgs/MotorGainsRequest.h
Symlinking /home/drojas/lawrence_wire/devel/include/interbotix_xs_msgs/RegisterValues.h
Symlinking /home/drojas/lawrence_wire/devel/include/interbotix_xs_msgs/TurretJoy.h
Symlinking /home/drojas/lawrence_wire/devel/include/interbotix_xs_msgs/RegisterValuesResponse.h
Symlinking /home/drojas/lawrence_wire/devel/include/interbotix_xs_msgs/TorqueEnableResponse.h
Symlinking /home/drojas/lawrence_wire/devel/include/interbotix_xs_msgs/JointGroupCommand.h
Symlinking /home/drojas/lawrence_wire/devel/include/interbotix_xs_msgs/OperatingModesResponse.h
Symlinking /home/drojas/lawrence_wire/devel/include/interbotix_xs_msgs/Reboot.h
Symlinking /home/drojas/lawrence_wire/devel/include/interbotix_xs_msgs/MotorGains.h
Symlinking /home/drojas/lawrence_wire/devel/include/interbotix_xs_msgs/HexJoy.h
Symlinking /home/drojas/lawrence_wire/devel/include/interbotix_xs_msgs/JointSingleCommand.h
Symlinking /home/drojas/lawrence_wire/devel/include/interbotix_xs_msgs/TorqueEnable.h
Symlinking /home/drojas/lawrence_wire/devel/include/interbotix_xs_msgs/RegisterValuesRequest.h
Symlinking /home/drojas/lawrence_wire/devel/include/interbotix_xs_msgs/JointTrajectoryCommand.h
Symlinking /home/drojas/lawrence_wire/devel/include/interbotix_xs_msgs/TorqueEnableRequest.h
Symlinking /home/drojas/lawrence_wire/devel/include/interbotix_xs_msgs/OperatingModesRequest.h
Symlinking /home/drojas/lawrence_wire/devel/share/roseus/ros/interbotix_xs_msgs/manifest.l
Symlinking /home/drojas/lawrence_wire/devel/share/roseus/ros/interbotix_xs_msgs/srv/MotorGains.l
Symlinking /home/drojas/lawrence_wire/devel/share/roseus/ros/interbotix_xs_msgs/srv/OperatingModes.l
Symlinking /home/drojas/lawrence_wire/devel/share/roseus/ros/interbotix_xs_msgs/srv/RobotInfo.l
Symlinking /home/drojas/lawrence_wire/devel/share/roseus/ros/interbotix_xs_msgs/srv/Reboot.l
Symlinking /home/drojas/lawrence_wire/devel/share/roseus/ros/interbotix_xs_msgs/srv/RegisterValues.l
Symlinking /home/drojas/lawrence_wire/devel/share/roseus/ros/interbotix_xs_msgs/srv/TorqueEnable.l
Symlinking /home/drojas/lawrence_wire/devel/share/roseus/ros/interbotix_xs_msgs/msg/LocobotJoy.l
Symlinking /home/drojas/lawrence_wire/devel/share/roseus/ros/interbotix_xs_msgs/msg/ArmJoy.l
Symlinking /home/drojas/lawrence_wire/devel/share/roseus/ros/interbotix_xs_msgs/msg/JointSingleCommand.l
Symlinking /home/drojas/lawrence_wire/devel/share/roseus/ros/interbotix_xs_msgs/msg/HexJoy.l
Symlinking /home/drojas/lawrence_wire/devel/share/roseus/ros/interbotix_xs_msgs/msg/JointGroupCommand.l
Symlinking /home/drojas/lawrence_wire/devel/share/roseus/ros/interbotix_xs_msgs/msg/JointTrajectoryCommand.l
Symlinking /home/drojas/lawrence_wire/devel/share/roseus/ros/interbotix_xs_msgs/msg/TurretJoy.l
Symlinking /home/drojas/lawrence_wire/devel/share/roseus/ros/interbotix_xs_msgs/msg/JointTemps.l
Symlinking /home/drojas/lawrence_wire/devel/share/interbotix_xs_msgs/cmake/interbotix_xs_msgsConfig.cmake
Symlinking /home/drojas/lawrence_wire/devel/share/interbotix_xs_msgs/cmake/interbotix_xs_msgsConfig-version.cmake
Symlinking /home/drojas/lawrence_wire/devel/share/interbotix_xs_msgs/cmake/interbotix_xs_msgs-msg-paths.cmake
Symlinking /home/drojas/lawrence_wire/devel/share/interbotix_xs_msgs/cmake/interbotix_xs_msgs-msg-extras.cmake
Symlinking /home/drojas/lawrence_wire/devel/share/common-lisp/ros/interbotix_xs_msgs/srv/OperatingModes.lisp
Symlinking /home/drojas/lawrence_wire/devel/share/common-lisp/ros/interbotix_xs_msgs/srv/_package.lisp
Symlinking /home/drojas/lawrence_wire/devel/share/common-lisp/ros/interbotix_xs_msgs/srv/_package_OperatingModes.lisp
Symlinking /home/drojas/lawrence_wire/devel/share/common-lisp/ros/interbotix_xs_msgs/srv/_package_MotorGains.lisp
Symlinking /home/drojas/lawrence_wire/devel/share/common-lisp/ros/interbotix_xs_msgs/srv/_package_RegisterValues.lisp
Symlinking /home/drojas/lawrence_wire/devel/share/common-lisp/ros/interbotix_xs_msgs/srv/_package_TorqueEnable.lisp
Symlinking /home/drojas/lawrence_wire/devel/share/common-lisp/ros/interbotix_xs_msgs/srv/interbotix_xs_msgs-srv.asd
Symlinking /home/drojas/lawrence_wire/devel/share/common-lisp/ros/interbotix_xs_msgs/srv/RegisterValues.lisp
Symlinking /home/drojas/lawrence_wire/devel/share/common-lisp/ros/interbotix_xs_msgs/srv/TorqueEnable.lisp
Symlinking /home/drojas/lawrence_wire/devel/share/common-lisp/ros/interbotix_xs_msgs/srv/_package_Reboot.lisp
Symlinking /home/drojas/lawrence_wire/devel/share/common-lisp/ros/interbotix_xs_msgs/srv/Reboot.lisp
Symlinking /home/drojas/lawrence_wire/devel/share/common-lisp/ros/interbotix_xs_msgs/srv/RobotInfo.lisp
Symlinking /home/drojas/lawrence_wire/devel/share/common-lisp/ros/interbotix_xs_msgs/srv/_package_RobotInfo.lisp
Symlinking /home/drojas/lawrence_wire/devel/share/common-lisp/ros/interbotix_xs_msgs/srv/MotorGains.lisp
Symlinking /home/drojas/lawrence_wire/devel/share/common-lisp/ros/interbotix_xs_msgs/msg/JointTemps.lisp
Symlinking /home/drojas/lawrence_wire/devel/share/common-lisp/ros/interbotix_xs_msgs/msg/JointGroupCommand.lisp
Symlinking /home/drojas/lawrence_wire/devel/share/common-lisp/ros/interbotix_xs_msgs/msg/TurretJoy.lisp
Symlinking /home/drojas/lawrence_wire/devel/share/common-lisp/ros/interbotix_xs_msgs/msg/LocobotJoy.lisp
Symlinking /home/drojas/lawrence_wire/devel/share/common-lisp/ros/interbotix_xs_msgs/msg/_package_JointTemps.lisp
Symlinking /home/drojas/lawrence_wire/devel/share/common-lisp/ros/interbotix_xs_msgs/msg/_package.lisp
Symlinking /home/drojas/lawrence_wire/devel/share/common-lisp/ros/interbotix_xs_msgs/msg/_package_ArmJoy.lisp
Symlinking /home/drojas/lawrence_wire/devel/share/common-lisp/ros/interbotix_xs_msgs/msg/_package_LocobotJoy.lisp
Symlinking /home/drojas/lawrence_wire/devel/share/common-lisp/ros/interbotix_xs_msgs/msg/_package_JointGroupCommand.lisp
Symlinking /home/drojas/lawrence_wire/devel/share/common-lisp/ros/interbotix_xs_msgs/msg/JointSingleCommand.lisp
Symlinking /home/drojas/lawrence_wire/devel/share/common-lisp/ros/interbotix_xs_msgs/msg/_package_HexJoy.lisp
Symlinking /home/drojas/lawrence_wire/devel/share/common-lisp/ros/interbotix_xs_msgs/msg/HexJoy.lisp
Symlinking /home/drojas/lawrence_wire/devel/share/common-lisp/ros/interbotix_xs_msgs/msg/_package_JointSingleCommand.lisp
Symlinking /home/drojas/lawrence_wire/devel/share/common-lisp/ros/interbotix_xs_msgs/msg/_package_TurretJoy.lisp
Symlinking /home/drojas/lawrence_wire/devel/share/common-lisp/ros/interbotix_xs_msgs/msg/interbotix_xs_msgs-msg.asd
Symlinking /home/drojas/lawrence_wire/devel/share/common-lisp/ros/interbotix_xs_msgs/msg/JointTrajectoryCommand.lisp
Symlinking /home/drojas/lawrence_wire/devel/share/common-lisp/ros/interbotix_xs_msgs/msg/ArmJoy.lisp
Symlinking /home/drojas/lawrence_wire/devel/share/common-lisp/ros/interbotix_xs_msgs/msg/_package_JointTrajectoryCommand.lisp
Symlinking /home/drojas/lawrence_wire/devel/share/gennodejs/ros/interbotix_xs_msgs/_index.js
Symlinking /home/drojas/lawrence_wire/devel/share/gennodejs/ros/interbotix_xs_msgs/srv/_index.js
Symlinking /home/drojas/lawrence_wire/devel/share/gennodejs/ros/interbotix_xs_msgs/srv/Reboot.js
Symlinking /home/drojas/lawrence_wire/devel/share/gennodejs/ros/interbotix_xs_msgs/srv/RobotInfo.js
Symlinking /home/drojas/lawrence_wire/devel/share/gennodejs/ros/interbotix_xs_msgs/srv/MotorGains.js
Symlinking /home/drojas/lawrence_wire/devel/share/gennodejs/ros/interbotix_xs_msgs/srv/RegisterValues.js
Symlinking /home/drojas/lawrence_wire/devel/share/gennodejs/ros/interbotix_xs_msgs/srv/TorqueEnable.js
Symlinking /home/drojas/lawrence_wire/devel/share/gennodejs/ros/interbotix_xs_msgs/srv/OperatingModes.js
Symlinking /home/drojas/lawrence_wire/devel/share/gennodejs/ros/interbotix_xs_msgs/msg/JointSingleCommand.js
Symlinking /home/drojas/lawrence_wire/devel/share/gennodejs/ros/interbotix_xs_msgs/msg/_index.js
Symlinking /home/drojas/lawrence_wire/devel/share/gennodejs/ros/interbotix_xs_msgs/msg/JointTemps.js
Symlinking /home/drojas/lawrence_wire/devel/share/gennodejs/ros/interbotix_xs_msgs/msg/HexJoy.js
Symlinking /home/drojas/lawrence_wire/devel/share/gennodejs/ros/interbotix_xs_msgs/msg/JointTrajectoryCommand.js
Symlinking /home/drojas/lawrence_wire/devel/share/gennodejs/ros/interbotix_xs_msgs/msg/TurretJoy.js
Symlinking /home/drojas/lawrence_wire/devel/share/gennodejs/ros/interbotix_xs_msgs/msg/JointGroupCommand.js
Symlinking /home/drojas/lawrence_wire/devel/share/gennodejs/ros/interbotix_xs_msgs/msg/ArmJoy.js
Symlinking /home/drojas/lawrence_wire/devel/share/gennodejs/ros/interbotix_xs_msgs/msg/LocobotJoy.js
Symlinking /home/drojas/lawrence_wire/devel/lib/pkgconfig/interbotix_xs_msgs.pc
Symlinking /home/drojas/lawrence_wire/devel/lib/python3/dist-packages/interbotix_xs_msgs/__init__.py
Symlinking /home/drojas/lawrence_wire/devel/lib/python3/dist-packages/interbotix_xs_msgs/srv/_MotorGains.py
Symlinking /home/drojas/lawrence_wire/devel/lib/python3/dist-packages/interbotix_xs_msgs/srv/_RobotInfo.py
Symlinking /home/drojas/lawrence_wire/devel/lib/python3/dist-packages/interbotix_xs_msgs/srv/_TorqueEnable.py
Symlinking /home/drojas/lawrence_wire/devel/lib/python3/dist-packages/interbotix_xs_msgs/srv/_OperatingModes.py
Symlinking /home/drojas/lawrence_wire/devel/lib/python3/dist-packages/interbotix_xs_msgs/srv/__init__.py
Symlinking /home/drojas/lawrence_wire/devel/lib/python3/dist-packages/interbotix_xs_msgs/srv/_RegisterValues.py
Symlinking /home/drojas/lawrence_wire/devel/lib/python3/dist-packages/interbotix_xs_msgs/srv/_Reboot.py
Symlinking /home/drojas/lawrence_wire/devel/lib/python3/dist-packages/interbotix_xs_msgs/msg/_JointTemps.py
Symlinking /home/drojas/lawrence_wire/devel/lib/python3/dist-packages/interbotix_xs_msgs/msg/_JointGroupCommand.py
Symlinking /home/drojas/lawrence_wire/devel/lib/python3/dist-packages/interbotix_xs_msgs/msg/_HexJoy.py
Symlinking /home/drojas/lawrence_wire/devel/lib/python3/dist-packages/interbotix_xs_msgs/msg/_LocobotJoy.py
Symlinking /home/drojas/lawrence_wire/devel/lib/python3/dist-packages/interbotix_xs_msgs/msg/_JointTrajectoryCommand.py
Symlinking /home/drojas/lawrence_wire/devel/lib/python3/dist-packages/interbotix_xs_msgs/msg/_JointSingleCommand.py
Symlinking /home/drojas/lawrence_wire/devel/lib/python3/dist-packages/interbotix_xs_msgs/msg/__init__.py
Symlinking /home/drojas/lawrence_wire/devel/lib/python3/dist-packages/interbotix_xs_msgs/msg/_ArmJoy.py
Symlinking /home/drojas/lawrence_wire/devel/lib/python3/dist-packages/interbotix_xs_msgs/msg/_TurretJoy.py
