[35m[1mScanning dependencies of target std_msgs_generate_messages_lisp[0m
[  0%] Built target std_msgs_generate_messages_lisp
[35m[1mScanning dependencies of target _wire_modeling_msgs_generate_messages_check_deps_ProcessPointCloud[0m
[  0%] Built target _wire_modeling_msgs_generate_messages_check_deps_ProcessPointCloud
[35m[1mScanning dependencies of target geometry_msgs_generate_messages_lisp[0m
[  0%] Built target geometry_msgs_generate_messages_lisp
[35m[1mScanning dependencies of target sensor_msgs_generate_messages_lisp[0m
[  0%] Built target sensor_msgs_generate_messages_lisp
[35m[1mScanning dependencies of target std_msgs_generate_messages_py[0m
[  0%] Built target std_msgs_generate_messages_py
[35m[1mScanning dependencies of target sensor_msgs_generate_messages_py[0m
[  0%] Built target sensor_msgs_generate_messages_py
[35m[1mScanning dependencies of target geometry_msgs_generate_messages_py[0m
[  0%] Built target geometry_msgs_generate_messages_py
[35m[1mScanning dependencies of target std_msgs_generate_messages_nodejs[0m
[  0%] Built target std_msgs_generate_messages_nodejs
[35m[1mScanning dependencies of target geometry_msgs_generate_messages_nodejs[0m
[  0%] Built target geometry_msgs_generate_messages_nodejs
[35m[1mScanning dependencies of target sensor_msgs_generate_messages_nodejs[0m
[  0%] Built target sensor_msgs_generate_messages_nodejs
[35m[1mScanning dependencies of target geometry_msgs_generate_messages_eus[0m
[  0%] Built target geometry_msgs_generate_messages_eus
[35m[1mScanning dependencies of target std_msgs_generate_messages_eus[0m
[  0%] Built target std_msgs_generate_messages_eus
[35m[1mScanning dependencies of target sensor_msgs_generate_messages_eus[0m
[  0%] Built target sensor_msgs_generate_messages_eus
[35m[1mScanning dependencies of target sensor_msgs_generate_messages_cpp[0m
[35m[1mScanning dependencies of target geometry_msgs_generate_messages_cpp[0m
[  0%] Built target sensor_msgs_generate_messages_cpp
[35m[1mScanning dependencies of target std_msgs_generate_messages_cpp[0m
[  0%] Built target geometry_msgs_generate_messages_cpp
[  0%] Built target std_msgs_generate_messages_cpp
[35m[1mScanning dependencies of target wire_modeling_msgs_generate_messages_lisp[0m
[ 14%] [34m[1mGenerating Lisp code from wire_modeling_msgs/ProcessPointCloud.srv[0m
[ 14%] Built target wire_modeling_msgs_generate_messages_lisp
[35m[1mScanning dependencies of target wire_modeling_msgs_generate_messages_py[0m
[ 28%] [34m[1mGenerating Python code from SRV wire_modeling_msgs/ProcessPointCloud[0m
[ 42%] [34m[1mGenerating Python srv __init__.py for wire_modeling_msgs[0m
[35m[1mScanning dependencies of target wire_modeling_msgs_generate_messages_nodejs[0m
[35m[1mScanning dependencies of target wire_modeling_msgs_generate_messages_eus[0m
[ 57%] [34m[1mGenerating Javascript code from wire_modeling_msgs/ProcessPointCloud.srv[0m
[35m[1mScanning dependencies of target wire_modeling_msgs_generate_messages_cpp[0m
[ 71%] [34m[1mGenerating EusLisp manifest code for wire_modeling_msgs[0m
[ 85%] [34m[1mGenerating EusLisp code from wire_modeling_msgs/ProcessPointCloud.srv[0m
[100%] [34m[1mGenerating C++ code from wire_modeling_msgs/ProcessPointCloud.srv[0m
[100%] Built target wire_modeling_msgs_generate_messages_nodejs
[100%] Built target wire_modeling_msgs_generate_messages_py
[100%] Built target wire_modeling_msgs_generate_messages_cpp
[100%] Built target wire_modeling_msgs_generate_messages_eus
[35m[1mScanning dependencies of target wire_modeling_msgs_generate_messages[0m
[100%] Built target wire_modeling_msgs_generate_messages
