Linked: (/home/drojas/lawrence_wire/devel/.private/wire_modeling_msgs/include/wire_modeling_msgs/ProcessPointCloudResponse.h, /home/drojas/lawrence_wire/devel/include/wire_modeling_msgs/ProcessPointCloudResponse.h)
Linked: (/home/drojas/lawrence_wire/devel/.private/wire_modeling_msgs/include/wire_modeling_msgs/ProcessPointCloud.h, /home/drojas/lawrence_wire/devel/include/wire_modeling_msgs/ProcessPointCloud.h)
Linked: (/home/drojas/lawrence_wire/devel/.private/wire_modeling_msgs/include/wire_modeling_msgs/ProcessPointCloudRequest.h, /home/drojas/lawrence_wire/devel/include/wire_modeling_msgs/ProcessPointCloudRequest.h)
Linked: (/home/drojas/lawrence_wire/devel/.private/wire_modeling_msgs/share/roseus/ros/wire_modeling_msgs/manifest.l, /home/drojas/lawrence_wire/devel/share/roseus/ros/wire_modeling_msgs/manifest.l)
Linked: (/home/drojas/lawrence_wire/devel/.private/wire_modeling_msgs/share/roseus/ros/wire_modeling_msgs/srv/ProcessPointCloud.l, /home/drojas/lawrence_wire/devel/share/roseus/ros/wire_modeling_msgs/srv/ProcessPointCloud.l)
Linked: (/home/drojas/lawrence_wire/devel/.private/wire_modeling_msgs/share/wire_modeling_msgs/cmake/wire_modeling_msgsConfig-version.cmake, /home/drojas/lawrence_wire/devel/share/wire_modeling_msgs/cmake/wire_modeling_msgsConfig-version.cmake)
Linked: (/home/drojas/lawrence_wire/devel/.private/wire_modeling_msgs/share/wire_modeling_msgs/cmake/wire_modeling_msgs-msg-extras.cmake, /home/drojas/lawrence_wire/devel/share/wire_modeling_msgs/cmake/wire_modeling_msgs-msg-extras.cmake)
Linked: (/home/drojas/lawrence_wire/devel/.private/wire_modeling_msgs/share/wire_modeling_msgs/cmake/wire_modeling_msgs-msg-paths.cmake, /home/drojas/lawrence_wire/devel/share/wire_modeling_msgs/cmake/wire_modeling_msgs-msg-paths.cmake)
Linked: (/home/drojas/lawrence_wire/devel/.private/wire_modeling_msgs/share/wire_modeling_msgs/cmake/wire_modeling_msgsConfig.cmake, /home/drojas/lawrence_wire/devel/share/wire_modeling_msgs/cmake/wire_modeling_msgsConfig.cmake)
Linked: (/home/drojas/lawrence_wire/devel/.private/wire_modeling_msgs/share/common-lisp/ros/wire_modeling_msgs/srv/ProcessPointCloud.lisp, /home/drojas/lawrence_wire/devel/share/common-lisp/ros/wire_modeling_msgs/srv/ProcessPointCloud.lisp)
Linked: (/home/drojas/lawrence_wire/devel/.private/wire_modeling_msgs/share/common-lisp/ros/wire_modeling_msgs/srv/_package.lisp, /home/drojas/lawrence_wire/devel/share/common-lisp/ros/wire_modeling_msgs/srv/_package.lisp)
Linked: (/home/drojas/lawrence_wire/devel/.private/wire_modeling_msgs/share/common-lisp/ros/wire_modeling_msgs/srv/wire_modeling_msgs-srv.asd, /home/drojas/lawrence_wire/devel/share/common-lisp/ros/wire_modeling_msgs/srv/wire_modeling_msgs-srv.asd)
Linked: (/home/drojas/lawrence_wire/devel/.private/wire_modeling_msgs/share/common-lisp/ros/wire_modeling_msgs/srv/_package_ProcessPointCloud.lisp, /home/drojas/lawrence_wire/devel/share/common-lisp/ros/wire_modeling_msgs/srv/_package_ProcessPointCloud.lisp)
Linked: (/home/drojas/lawrence_wire/devel/.private/wire_modeling_msgs/share/gennodejs/ros/wire_modeling_msgs/_index.js, /home/drojas/lawrence_wire/devel/share/gennodejs/ros/wire_modeling_msgs/_index.js)
Linked: (/home/drojas/lawrence_wire/devel/.private/wire_modeling_msgs/share/gennodejs/ros/wire_modeling_msgs/srv/_index.js, /home/drojas/lawrence_wire/devel/share/gennodejs/ros/wire_modeling_msgs/srv/_index.js)
Linked: (/home/drojas/lawrence_wire/devel/.private/wire_modeling_msgs/share/gennodejs/ros/wire_modeling_msgs/srv/ProcessPointCloud.js, /home/drojas/lawrence_wire/devel/share/gennodejs/ros/wire_modeling_msgs/srv/ProcessPointCloud.js)
Linked: (/home/drojas/lawrence_wire/devel/.private/wire_modeling_msgs/lib/pkgconfig/wire_modeling_msgs.pc, /home/drojas/lawrence_wire/devel/lib/pkgconfig/wire_modeling_msgs.pc)
Linked: (/home/drojas/lawrence_wire/devel/.private/wire_modeling_msgs/lib/python3/dist-packages/wire_modeling_msgs/__init__.py, /home/drojas/lawrence_wire/devel/lib/python3/dist-packages/wire_modeling_msgs/__init__.py)
Linked: (/home/drojas/lawrence_wire/devel/.private/wire_modeling_msgs/lib/python3/dist-packages/wire_modeling_msgs/srv/_ProcessPointCloud.py, /home/drojas/lawrence_wire/devel/lib/python3/dist-packages/wire_modeling_msgs/srv/_ProcessPointCloud.py)
Linked: (/home/drojas/lawrence_wire/devel/.private/wire_modeling_msgs/lib/python3/dist-packages/wire_modeling_msgs/srv/__init__.py, /home/drojas/lawrence_wire/devel/lib/python3/dist-packages/wire_modeling_msgs/srv/__init__.py)
