Symlinking /home/drojas/lawrence_wire/devel/include/wire_modeling_msgs/ProcessPointCloudResponse.h
Symlinking /home/drojas/lawrence_wire/devel/include/wire_modeling_msgs/ProcessPointCloud.h
Symlinking /home/drojas/lawrence_wire/devel/include/wire_modeling_msgs/ProcessPointCloudRequest.h
Symlinking /home/drojas/lawrence_wire/devel/share/roseus/ros/wire_modeling_msgs/manifest.l
Symlinking /home/drojas/lawrence_wire/devel/share/roseus/ros/wire_modeling_msgs/srv/ProcessPointCloud.l
Symlinking /home/drojas/lawrence_wire/devel/share/wire_modeling_msgs/cmake/wire_modeling_msgsConfig-version.cmake
Symlinking /home/drojas/lawrence_wire/devel/share/wire_modeling_msgs/cmake/wire_modeling_msgs-msg-extras.cmake
Symlinking /home/drojas/lawrence_wire/devel/share/wire_modeling_msgs/cmake/wire_modeling_msgs-msg-paths.cmake
Symlinking /home/drojas/lawrence_wire/devel/share/wire_modeling_msgs/cmake/wire_modeling_msgsConfig.cmake
Symlinking /home/drojas/lawrence_wire/devel/share/common-lisp/ros/wire_modeling_msgs/srv/ProcessPointCloud.lisp
Symlinking /home/drojas/lawrence_wire/devel/share/common-lisp/ros/wire_modeling_msgs/srv/_package.lisp
Symlinking /home/drojas/lawrence_wire/devel/share/common-lisp/ros/wire_modeling_msgs/srv/wire_modeling_msgs-srv.asd
Symlinking /home/drojas/lawrence_wire/devel/share/common-lisp/ros/wire_modeling_msgs/srv/_package_ProcessPointCloud.lisp
Symlinking /home/drojas/lawrence_wire/devel/share/gennodejs/ros/wire_modeling_msgs/_index.js
Symlinking /home/drojas/lawrence_wire/devel/share/gennodejs/ros/wire_modeling_msgs/srv/_index.js
Symlinking /home/drojas/lawrence_wire/devel/share/gennodejs/ros/wire_modeling_msgs/srv/ProcessPointCloud.js
Symlinking /home/drojas/lawrence_wire/devel/lib/pkgconfig/wire_modeling_msgs.pc
Symlinking /home/drojas/lawrence_wire/devel/lib/python3/dist-packages/wire_modeling_msgs/__init__.py
Symlinking /home/drojas/lawrence_wire/devel/lib/python3/dist-packages/wire_modeling_msgs/srv/_ProcessPointCloud.py
Symlinking /home/drojas/lawrence_wire/devel/lib/python3/dist-packages/wire_modeling_msgs/srv/__init__.py
