[  0%] Built target geometry_msgs_generate_messages_lisp
[  0%] Built target std_msgs_generate_messages_lisp
[  0%] Built target sensor_msgs_generate_messages_lisp
[  0%] Built target std_msgs_generate_messages_py
[  0%] Built target sensor_msgs_generate_messages_py
[  0%] Built target geometry_msgs_generate_messages_py
[  0%] Built target _wire_modeling_msgs_generate_messages_check_deps_ProcessPointCloud
[  0%] Built target std_msgs_generate_messages_nodejs
[  0%] Built target geometry_msgs_generate_messages_nodejs
[  0%] Built target sensor_msgs_generate_messages_nodejs
[  0%] Built target geometry_msgs_generate_messages_eus
[  0%] Built target std_msgs_generate_messages_eus
[  0%] Built target sensor_msgs_generate_messages_eus
[  0%] Built target sensor_msgs_generate_messages_cpp
[  0%] Built target geometry_msgs_generate_messages_cpp
[  0%] Built target std_msgs_generate_messages_cpp
[ 14%] Built target wire_modeling_msgs_generate_messages_lisp
[ 42%] Built target wire_modeling_msgs_generate_messages_py
[ 57%] Built target wire_modeling_msgs_generate_messages_nodejs
[ 85%] Built target wire_modeling_msgs_generate_messages_eus
[100%] Built target wire_modeling_msgs_generate_messages_cpp
[100%] Built target wire_modeling_msgs_generate_messages
