Linked: (/home/drojas/lawrence_wire/devel/.private/dual_robot_msgs/include/dual_robot_msgs/GraspObjectResponse.h, /home/drojas/lawrence_wire/devel/include/dual_robot_msgs/GraspObjectResponse.h)
Linked: (/home/drojas/lawrence_wire/devel/.private/dual_robot_msgs/include/dual_robot_msgs/GraspWire.h, /home/drojas/lawrence_wire/devel/include/dual_robot_msgs/GraspWire.h)
Linked: (/home/drojas/lawrence_wire/devel/.private/dual_robot_msgs/include/dual_robot_msgs/GraspObject.h, /home/drojas/lawrence_wire/devel/include/dual_robot_msgs/GraspObject.h)
Linked: (/home/drojas/lawrence_wire/devel/.private/dual_robot_msgs/include/dual_robot_msgs/GraspWireRequest.h, /home/drojas/lawrence_wire/devel/include/dual_robot_msgs/GraspWireRequest.h)
Linked: (/home/drojas/lawrence_wire/devel/.private/dual_robot_msgs/include/dual_robot_msgs/GraspWireResponse.h, /home/drojas/lawrence_wire/devel/include/dual_robot_msgs/GraspWireResponse.h)
Linked: (/home/drojas/lawrence_wire/devel/.private/dual_robot_msgs/include/dual_robot_msgs/GraspObjectRequest.h, /home/drojas/lawrence_wire/devel/include/dual_robot_msgs/GraspObjectRequest.h)
Linked: (/home/drojas/lawrence_wire/devel/.private/dual_robot_msgs/share/roseus/ros/dual_robot_msgs/manifest.l, /home/drojas/lawrence_wire/devel/share/roseus/ros/dual_robot_msgs/manifest.l)
Linked: (/home/drojas/lawrence_wire/devel/.private/dual_robot_msgs/share/roseus/ros/dual_robot_msgs/srv/GraspWire.l, /home/drojas/lawrence_wire/devel/share/roseus/ros/dual_robot_msgs/srv/GraspWire.l)
Linked: (/home/drojas/lawrence_wire/devel/.private/dual_robot_msgs/share/roseus/ros/dual_robot_msgs/srv/GraspObject.l, /home/drojas/lawrence_wire/devel/share/roseus/ros/dual_robot_msgs/srv/GraspObject.l)
Linked: (/home/drojas/lawrence_wire/devel/.private/dual_robot_msgs/share/common-lisp/ros/dual_robot_msgs/srv/_package.lisp, /home/drojas/lawrence_wire/devel/share/common-lisp/ros/dual_robot_msgs/srv/_package.lisp)
Linked: (/home/drojas/lawrence_wire/devel/.private/dual_robot_msgs/share/common-lisp/ros/dual_robot_msgs/srv/_package_GraspWire.lisp, /home/drojas/lawrence_wire/devel/share/common-lisp/ros/dual_robot_msgs/srv/_package_GraspWire.lisp)
Linked: (/home/drojas/lawrence_wire/devel/.private/dual_robot_msgs/share/common-lisp/ros/dual_robot_msgs/srv/GraspObject.lisp, /home/drojas/lawrence_wire/devel/share/common-lisp/ros/dual_robot_msgs/srv/GraspObject.lisp)
Linked: (/home/drojas/lawrence_wire/devel/.private/dual_robot_msgs/share/common-lisp/ros/dual_robot_msgs/srv/GraspWire.lisp, /home/drojas/lawrence_wire/devel/share/common-lisp/ros/dual_robot_msgs/srv/GraspWire.lisp)
Linked: (/home/drojas/lawrence_wire/devel/.private/dual_robot_msgs/share/common-lisp/ros/dual_robot_msgs/srv/dual_robot_msgs-srv.asd, /home/drojas/lawrence_wire/devel/share/common-lisp/ros/dual_robot_msgs/srv/dual_robot_msgs-srv.asd)
Linked: (/home/drojas/lawrence_wire/devel/.private/dual_robot_msgs/share/common-lisp/ros/dual_robot_msgs/srv/_package_GraspObject.lisp, /home/drojas/lawrence_wire/devel/share/common-lisp/ros/dual_robot_msgs/srv/_package_GraspObject.lisp)
Linked: (/home/drojas/lawrence_wire/devel/.private/dual_robot_msgs/share/gennodejs/ros/dual_robot_msgs/_index.js, /home/drojas/lawrence_wire/devel/share/gennodejs/ros/dual_robot_msgs/_index.js)
Linked: (/home/drojas/lawrence_wire/devel/.private/dual_robot_msgs/share/gennodejs/ros/dual_robot_msgs/srv/_index.js, /home/drojas/lawrence_wire/devel/share/gennodejs/ros/dual_robot_msgs/srv/_index.js)
Linked: (/home/drojas/lawrence_wire/devel/.private/dual_robot_msgs/share/gennodejs/ros/dual_robot_msgs/srv/GraspWire.js, /home/drojas/lawrence_wire/devel/share/gennodejs/ros/dual_robot_msgs/srv/GraspWire.js)
Linked: (/home/drojas/lawrence_wire/devel/.private/dual_robot_msgs/share/gennodejs/ros/dual_robot_msgs/srv/GraspObject.js, /home/drojas/lawrence_wire/devel/share/gennodejs/ros/dual_robot_msgs/srv/GraspObject.js)
Linked: (/home/drojas/lawrence_wire/devel/.private/dual_robot_msgs/share/dual_robot_msgs/cmake/dual_robot_msgsConfig-version.cmake, /home/drojas/lawrence_wire/devel/share/dual_robot_msgs/cmake/dual_robot_msgsConfig-version.cmake)
Linked: (/home/drojas/lawrence_wire/devel/.private/dual_robot_msgs/share/dual_robot_msgs/cmake/dual_robot_msgs-msg-extras.cmake, /home/drojas/lawrence_wire/devel/share/dual_robot_msgs/cmake/dual_robot_msgs-msg-extras.cmake)
Linked: (/home/drojas/lawrence_wire/devel/.private/dual_robot_msgs/share/dual_robot_msgs/cmake/dual_robot_msgsConfig.cmake, /home/drojas/lawrence_wire/devel/share/dual_robot_msgs/cmake/dual_robot_msgsConfig.cmake)
Linked: (/home/drojas/lawrence_wire/devel/.private/dual_robot_msgs/share/dual_robot_msgs/cmake/dual_robot_msgs-msg-paths.cmake, /home/drojas/lawrence_wire/devel/share/dual_robot_msgs/cmake/dual_robot_msgs-msg-paths.cmake)
Linked: (/home/drojas/lawrence_wire/devel/.private/dual_robot_msgs/lib/pkgconfig/dual_robot_msgs.pc, /home/drojas/lawrence_wire/devel/lib/pkgconfig/dual_robot_msgs.pc)
Linked: (/home/drojas/lawrence_wire/devel/.private/dual_robot_msgs/lib/python3/dist-packages/dual_robot_msgs/__init__.py, /home/drojas/lawrence_wire/devel/lib/python3/dist-packages/dual_robot_msgs/__init__.py)
Linked: (/home/drojas/lawrence_wire/devel/.private/dual_robot_msgs/lib/python3/dist-packages/dual_robot_msgs/srv/_GraspWire.py, /home/drojas/lawrence_wire/devel/lib/python3/dist-packages/dual_robot_msgs/srv/_GraspWire.py)
Linked: (/home/drojas/lawrence_wire/devel/.private/dual_robot_msgs/lib/python3/dist-packages/dual_robot_msgs/srv/_GraspObject.py, /home/drojas/lawrence_wire/devel/lib/python3/dist-packages/dual_robot_msgs/srv/_GraspObject.py)
Linked: (/home/drojas/lawrence_wire/devel/.private/dual_robot_msgs/lib/python3/dist-packages/dual_robot_msgs/srv/__init__.py, /home/drojas/lawrence_wire/devel/lib/python3/dist-packages/dual_robot_msgs/srv/__init__.py)
