Symlinking /home/drojas/lawrence_wire/devel/include/dual_robot_msgs/GraspObjectResponse.h
Symlinking /home/drojas/lawrence_wire/devel/include/dual_robot_msgs/GraspWire.h
Symlinking /home/drojas/lawrence_wire/devel/include/dual_robot_msgs/GraspObject.h
Symlinking /home/drojas/lawrence_wire/devel/include/dual_robot_msgs/GraspWireRequest.h
Symlinking /home/drojas/lawrence_wire/devel/include/dual_robot_msgs/GraspWireResponse.h
Symlinking /home/drojas/lawrence_wire/devel/include/dual_robot_msgs/GraspObjectRequest.h
Symlinking /home/drojas/lawrence_wire/devel/share/roseus/ros/dual_robot_msgs/manifest.l
Symlinking /home/drojas/lawrence_wire/devel/share/roseus/ros/dual_robot_msgs/srv/GraspWire.l
Symlinking /home/drojas/lawrence_wire/devel/share/roseus/ros/dual_robot_msgs/srv/GraspObject.l
Symlinking /home/drojas/lawrence_wire/devel/share/common-lisp/ros/dual_robot_msgs/srv/_package.lisp
Symlinking /home/drojas/lawrence_wire/devel/share/common-lisp/ros/dual_robot_msgs/srv/_package_GraspWire.lisp
Symlinking /home/drojas/lawrence_wire/devel/share/common-lisp/ros/dual_robot_msgs/srv/GraspObject.lisp
Symlinking /home/drojas/lawrence_wire/devel/share/common-lisp/ros/dual_robot_msgs/srv/GraspWire.lisp
Symlinking /home/drojas/lawrence_wire/devel/share/common-lisp/ros/dual_robot_msgs/srv/dual_robot_msgs-srv.asd
Symlinking /home/drojas/lawrence_wire/devel/share/common-lisp/ros/dual_robot_msgs/srv/_package_GraspObject.lisp
Symlinking /home/drojas/lawrence_wire/devel/share/gennodejs/ros/dual_robot_msgs/_index.js
Symlinking /home/drojas/lawrence_wire/devel/share/gennodejs/ros/dual_robot_msgs/srv/_index.js
Symlinking /home/drojas/lawrence_wire/devel/share/gennodejs/ros/dual_robot_msgs/srv/GraspWire.js
Symlinking /home/drojas/lawrence_wire/devel/share/gennodejs/ros/dual_robot_msgs/srv/GraspObject.js
Symlinking /home/drojas/lawrence_wire/devel/share/dual_robot_msgs/cmake/dual_robot_msgsConfig-version.cmake
Symlinking /home/drojas/lawrence_wire/devel/share/dual_robot_msgs/cmake/dual_robot_msgs-msg-extras.cmake
Symlinking /home/drojas/lawrence_wire/devel/share/dual_robot_msgs/cmake/dual_robot_msgsConfig.cmake
Symlinking /home/drojas/lawrence_wire/devel/share/dual_robot_msgs/cmake/dual_robot_msgs-msg-paths.cmake
Symlinking /home/drojas/lawrence_wire/devel/lib/pkgconfig/dual_robot_msgs.pc
Symlinking /home/drojas/lawrence_wire/devel/lib/python3/dist-packages/dual_robot_msgs/__init__.py
Symlinking /home/drojas/lawrence_wire/devel/lib/python3/dist-packages/dual_robot_msgs/srv/_GraspWire.py
Symlinking /home/drojas/lawrence_wire/devel/lib/python3/dist-packages/dual_robot_msgs/srv/_GraspObject.py
Symlinking /home/drojas/lawrence_wire/devel/lib/python3/dist-packages/dual_robot_msgs/srv/__init__.py
